<?xml version="1.0" encoding="UTF-8"?>
<coverage generated="1692232841172" clover="3.2.0">
  <project timestamp="1692232841173" name="All files">
    <metrics statements="30" coveredstatements="25" conditionals="2" coveredconditionals="2" methods="7" coveredmethods="4" elements="39" coveredelements="31" complexity="0" loc="30" ncloc="30" packages="2" files="3" classes="3"/>
    <package name="components.PrincipalBody">
      <metrics statements="24" coveredstatements="21" conditionals="2" coveredconditionals="2" methods="6" coveredmethods="3"/>
      <file name="PrincipalBody.jsx" path="C:\Users\DarthNightly\Documents\GitHub\GarciaMoveis\Diversão\src\components\PrincipalBody\PrincipalBody.jsx">
        <metrics statements="11" coveredstatements="8" conditionals="2" coveredconditionals="2" methods="6" coveredmethods="3"/>
        <line num="8" count="1" type="stmt"/>
        <line num="10" count="1" type="stmt"/>
        <line num="11" count="1" type="stmt"/>
        <line num="12" count="1" type="stmt"/>
        <line num="13" count="1" type="stmt"/>
        <line num="14" count="0" type="stmt"/>
        <line num="17" count="1" type="stmt"/>
        <line num="20" count="1" type="stmt"/>
        <line num="21" count="0" type="stmt"/>
        <line num="23" count="1" type="stmt"/>
        <line num="58" count="0" type="stmt"/>
      </file>
      <file name="PrincipalBody.style.jsx" path="C:\Users\DarthNightly\Documents\GitHub\GarciaMoveis\Diversão\src\components\PrincipalBody\PrincipalBody.style.jsx">
        <metrics statements="13" coveredstatements="13" conditionals="0" coveredconditionals="0" methods="0" coveredmethods="0"/>
        <line num="3" count="1" type="stmt"/>
        <line num="11" count="1" type="stmt"/>
        <line num="16" count="1" type="stmt"/>
        <line num="23" count="1" type="stmt"/>
        <line num="27" count="1" type="stmt"/>
        <line num="37" count="1" type="stmt"/>
        <line num="53" count="1" type="stmt"/>
        <line num="61" count="1" type="stmt"/>
        <line num="65" count="1" type="stmt"/>
        <line num="71" count="1" type="stmt"/>
        <line num="77" count="1" type="stmt"/>
        <line num="81" count="1" type="stmt"/>
        <line num="90" count="1" type="stmt"/>
      </file>
    </package>
    <package name="services.ProdutosService">
      <metrics statements="6" coveredstatements="4" conditionals="0" coveredconditionals="0" methods="1" coveredmethods="1"/>
      <file name="Produtos.jsx" path="C:\Users\DarthNightly\Documents\GitHub\GarciaMoveis\Diversão\src\services\ProdutosService\Produtos.jsx">
        <metrics statements="6" coveredstatements="4" conditionals="0" coveredconditionals="0" methods="1" coveredmethods="1"/>
        <line num="2" count="1" type="stmt"/>
        <line num="4" count="1" type="stmt"/>
        <line num="5" count="1" type="stmt"/>
        <line num="6" count="0" type="stmt"/>
        <line num="7" count="0" type="stmt"/>
        <line num="10" count="1" type="stmt"/>
      </file>
    </package>
  </project>
</coverage>
