{"C:\\Users\\DarthNightly\\Documents\\GitHub\\GarciaMoveis\\Diversão\\src\\components\\PrincipalBody\\PrincipalBody.jsx": {"path":"C:\\Users\\DarthNightly\\Documents\\GitHub\\GarciaMoveis\\Diversão\\src\\components\\PrincipalBody\\PrincipalBody.jsx","statementMap":{"0":{"start":{"line":8,"column":34},"end":{"line":8,"column":46}},"1":{"start":{"line":10,"column":19},"end":{"line":10,"column":32}},"2":{"start":{"line":11,"column":2},"end":{"line":18,"column":9}},"3":{"start":{"line":12,"column":24},"end":{"line":16,"column":5}},"4":{"start":{"line":13,"column":6},"end":{"line":15,"column":9}},"5":{"start":{"line":14,"column":8},"end":{"line":14,"column":29}},"6":{"start":{"line":17,"column":4},"end":{"line":17,"column":18}},"7":{"start":{"line":20,"column":27},"end":{"line":22,"column":3}},"8":{"start":{"line":21,"column":4},"end":{"line":21,"column":26}},"9":{"start":{"line":23,"column":2},"end":{"line":71,"column":4}},"10":{"start":{"line":58,"column":14},"end":{"line":66,"column":16}}},"fnMap":{"0":{"name":"PrincipalBody","decl":{"start":{"line":7,"column":9},"end":{"line":7,"column":22}},"loc":{"start":{"line":7,"column":25},"end":{"line":72,"column":1}},"line":7},"1":{"name":"(anonymous_1)","decl":{"start":{"line":11,"column":12},"end":{"line":11,"column":13}},"loc":{"start":{"line":11,"column":18},"end":{"line":18,"column":3}},"line":11},"2":{"name":"(anonymous_2)","decl":{"start":{"line":12,"column":24},"end":{"line":12,"column":25}},"loc":{"start":{"line":12,"column":36},"end":{"line":16,"column":5}},"line":12},"3":{"name":"(anonymous_3)","decl":{"start":{"line":13,"column":39},"end":{"line":13,"column":40}},"loc":{"start":{"line":13,"column":52},"end":{"line":15,"column":7}},"line":13},"4":{"name":"(anonymous_4)","decl":{"start":{"line":20,"column":27},"end":{"line":20,"column":28}},"loc":{"start":{"line":20,"column":33},"end":{"line":22,"column":3}},"line":20},"5":{"name":"(anonymous_5)","decl":{"start":{"line":57,"column":25},"end":{"line":57,"column":26}},"loc":{"start":{"line":57,"column":38},"end":{"line":67,"column":13}},"line":57}},"branchMap":{"0":{"loc":{"start":{"line":56,"column":11},"end":{"line":67,"column":14}},"type":"binary-expr","locations":[{"start":{"line":56,"column":11},"end":{"line":56,"column":19}},{"start":{"line":57,"column":12},"end":{"line":67,"column":14}}],"line":56}},"s":{"0":1,"1":1,"2":1,"3":1,"4":1,"5":0,"6":1,"7":1,"8":0,"9":1,"10":0},"f":{"0":1,"1":1,"2":1,"3":0,"4":0,"5":0},"b":{"0":[1,1]},"_coverageSchema":"1a1c01bbd47fc00a2c39e90264f33305004495a9","hash":"5dbda60e575627efd2616106504460e34a4f8343"}
,"C:\\Users\\DarthNightly\\Documents\\GitHub\\GarciaMoveis\\Diversão\\src\\components\\PrincipalBody\\PrincipalBody.style.jsx": {"path":"C:\\Users\\DarthNightly\\Documents\\GitHub\\GarciaMoveis\\Diversão\\src\\components\\PrincipalBody\\PrincipalBody.style.jsx","statementMap":{"0":{"start":{"line":3,"column":29},"end":{"line":10,"column":1}},"1":{"start":{"line":11,"column":25},"end":{"line":15,"column":1}},"2":{"start":{"line":16,"column":24},"end":{"line":22,"column":1}},"3":{"start":{"line":23,"column":25},"end":{"line":25,"column":1}},"4":{"start":{"line":27,"column":31},"end":{"line":35,"column":1}},"5":{"start":{"line":37,"column":26},"end":{"line":51,"column":1}},"6":{"start":{"line":53,"column":29},"end":{"line":59,"column":1}},"7":{"start":{"line":61,"column":35},"end":{"line":64,"column":1}},"8":{"start":{"line":65,"column":31},"end":{"line":70,"column":1}},"9":{"start":{"line":71,"column":26},"end":{"line":76,"column":1}},"10":{"start":{"line":77,"column":31},"end":{"line":80,"column":1}},"11":{"start":{"line":81,"column":30},"end":{"line":88,"column":1}},"12":{"start":{"line":90,"column":29},"end":{"line":93,"column":1}}},"fnMap":{},"branchMap":{},"s":{"0":1,"1":1,"2":1,"3":1,"4":1,"5":1,"6":1,"7":1,"8":1,"9":1,"10":1,"11":1,"12":1},"f":{},"b":{},"_coverageSchema":"1a1c01bbd47fc00a2c39e90264f33305004495a9","hash":"0dfbe930bd323b10075330f03fb36071ab975fff"}
,"C:\\Users\\DarthNightly\\Documents\\GitHub\\GarciaMoveis\\Diversão\\src\\services\\ProdutosService\\Produtos.jsx": {"path":"C:\\Users\\DarthNightly\\Documents\\GitHub\\GarciaMoveis\\Diversão\\src\\services\\ProdutosService\\Produtos.jsx","statementMap":{"0":{"start":{"line":2,"column":16},"end":{"line":2,"column":48}},"1":{"start":{"line":4,"column":12},"end":{"line":8,"column":1}},"2":{"start":{"line":5,"column":19},"end":{"line":5,"column":39}},"3":{"start":{"line":6,"column":15},"end":{"line":6,"column":36}},"4":{"start":{"line":7,"column":2},"end":{"line":7,"column":14}},"5":{"start":{"line":10,"column":31},"end":{"line":12,"column":1}}},"fnMap":{"0":{"name":"(anonymous_0)","decl":{"start":{"line":4,"column":12},"end":{"line":4,"column":13}},"loc":{"start":{"line":4,"column":24},"end":{"line":8,"column":1}},"line":4}},"branchMap":{},"s":{"0":1,"1":1,"2":1,"3":0,"4":0,"5":1},"f":{"0":1},"b":{},"_coverageSchema":"1a1c01bbd47fc00a2c39e90264f33305004495a9","hash":"11fd2bbadffec2294c5505c03ef6e3e19e30bc55"}
}
