TN:
SF:src\components\PrincipalBody\PrincipalBody.jsx
FN:7,PrincipalBody
FN:11,(anonymous_1)
FN:12,(anonymous_2)
FN:13,(anonymous_3)
FN:20,(anonymous_4)
FN:57,(anonymous_5)
FNF:6
FNH:3
FNDA:1,PrincipalBody
FNDA:1,(anonymous_1)
FNDA:1,(anonymous_2)
FNDA:0,(anonymous_3)
FNDA:0,(anonymous_4)
FNDA:0,(anonymous_5)
DA:8,1
DA:10,1
DA:11,1
DA:12,1
DA:13,1
DA:14,0
DA:17,1
DA:20,1
DA:21,0
DA:23,1
DA:58,0
LF:11
LH:8
BRDA:56,0,0,1
BRDA:56,0,1,1
BRF:2
BRH:2
end_of_record
TN:
SF:src\components\PrincipalBody\PrincipalBody.style.jsx
FNF:0
FNH:0
DA:3,1
DA:11,1
DA:16,1
DA:23,1
DA:27,1
DA:37,1
DA:53,1
DA:61,1
DA:65,1
DA:71,1
DA:77,1
DA:81,1
DA:90,1
LF:13
LH:13
BRF:0
BRH:0
end_of_record
TN:
SF:src\services\ProdutosService\Produtos.jsx
FN:4,(anonymous_0)
FNF:1
FNH:1
FNDA:1,(anonymous_0)
DA:2,1
DA:4,1
DA:5,1
DA:6,0
DA:7,0
DA:10,1
LF:6
LH:4
BRF:0
BRH:0
end_of_record
